<?xml version="1.0" encoding="UTF-8"?>
<!-- Generated by org.testng.reporters.JUnitReportReporter -->
<testsuite hostname="LAPTOP-R2RN5VCJ" failures="0" tests="1" name="com.google.GoogleTest" time="23.768" errors="0" timestamp="12 jun 2021 05:23:14 GMT" skipped="0">
  <testcase classname="com.google.GoogleTest" name="f" time="23.768"/>
</testsuite> <!-- com.google.GoogleTest -->
