<?xml version="1.0" encoding="UTF-8"?>
<!-- Generated by org.testng.reporters.JUnitReportReporter -->
<testsuite hostname="LAPTOP-R2RN5VCJ" failures="0" tests="1" name="com.opensourse.admin.qa.TC003_Admin_AddNewUser" time="23.373" errors="0" timestamp="03 jul 2021 04:59:29 GMT" skipped="0">
  <testcase classname="com.opensourse.admin.qa.TC003_Admin_AddNewUser" name="TC003_Admin_AddNewUser_Script" time="23.373"/>
</testsuite> <!-- com.opensourse.admin.qa.TC003_Admin_AddNewUser -->
