<?xml version="1.0" encoding="UTF-8"?>
<!-- Generated by org.testng.reporters.JUnitReportReporter -->
<testsuite hostname="LAPTOP-R2RN5VCJ" failures="0" tests="1" name="com.opensourse.admin.qa.TC001_Admin_SearchEmployee" time="14.447" errors="0" timestamp="30 jun 2021 13:26:40 GMT" skipped="0">
  <testcase classname="com.opensourse.admin.qa.TC001_Admin_SearchEmployee" name="TC001_Admin_SearchEmployee_Scripts" time="14.447"/>
</testsuite> <!-- com.opensourse.admin.qa.TC001_Admin_SearchEmployee -->
