<?xml version="1.0" encoding="UTF-8"?>
<!-- Generated by org.testng.reporters.JUnitReportReporter -->
<testsuite hostname="LAPTOP-R2RN5VCJ" failures="0" tests="1" name="com.google.GoogleTest" time="17.707" errors="0" timestamp="05 jun 2021 14:09:54 GMT" skipped="0">
  <testcase classname="com.google.GoogleTest" name="f" time="17.707"/>
</testsuite> <!-- com.google.GoogleTest -->
