<?xml version="1.0" encoding="UTF-8"?>
<!-- Generated by org.testng.reporters.JUnitReportReporter -->
<testsuite hostname="LAPTOP-R2RN5VCJ" failures="0" tests="1" name="com.opensourse.admin.qa.TC002_Admin_SearchEmployee_NotExist" time="18.482" errors="0" timestamp="30 jun 2021 13:49:37 GMT" skipped="0">
  <testcase classname="com.opensourse.admin.qa.TC002_Admin_SearchEmployee_NotExist" name="TC002_Admin_SearchEmployee_NotExist_Scripts" time="18.482"/>
</testsuite> <!-- com.opensourse.admin.qa.TC002_Admin_SearchEmployee_NotExist -->
