<?xml version="1.0" encoding="UTF-8"?>
<!-- Generated by org.testng.reporters.JUnitReportReporter -->
<testsuite hostname="LAPTOP-R2RN5VCJ" failures="0" tests="1" name="com.opensourse.admin.qa.TC005_Admin_CreateUserDisabled" time="29.632" errors="0" timestamp="03 jul 2021 13:01:07 GMT" skipped="0">
  <testcase classname="com.opensourse.admin.qa.TC005_Admin_CreateUserDisabled" name="TC005_Admin_CreateUserDisabled_Script" time="29.632"/>
</testsuite> <!-- com.opensourse.admin.qa.TC005_Admin_CreateUserDisabled -->
